This is pdfeTeX, Version 3.141592-1.21a-2.2 (Web2C 7.5.4) (format=pdflatex 2011.6.11)  11 JUN 2011 21:49
entering extended mode
**AnomalousProductionOfPhotonJets_07232008.tex
(./AnomalousProductionOfPhotonJets_07232008.tex
LaTeX2e <2008/12/01>
Babel <v3.8d> and hyphenation patterns for american, french, german, ngerman, b
ahasa, basque, bulgarian, catalan, croatian, czech, danish, dutch, esperanto, e
stonian, finnish, greek, icelandic, irish, italian, latin, magyar, norsk, polis
h, portuges, romanian, russian, serbian, slovak, slovene, spanish, swedish, tur
kish, ukrainian, nohyphenation, loaded.
(/sw/share/texmf-dist/tex/latex/base/article.cls
Document Class: article 2004/02/16 v1.4f Standard LaTeX document class
(/sw/share/texmf-dist/tex/latex/base/size11.clo
File: size11.clo 2004/02/16 v1.4f Standard LaTeX file (size option)
)
\c@part=\count79
\c@section=\count80
\c@subsection=\count81
\c@subsubsection=\count82
\c@paragraph=\count83
\c@subparagraph=\count84
\c@figure=\count85
\c@table=\count86
\abovecaptionskip=\skip41
\belowcaptionskip=\skip42
\bibindent=\dimen102
)
(/sw/share/texmf-dist/tex/latex/rotating/rotating.sty
Package: rotating 1997/09/26 v2.13 Rotation package

(/sw/share/texmf-dist/tex/latex/graphics/graphicx.sty
Package: graphicx 1999/02/16 v1.0f Enhanced LaTeX Graphics (DPC,SPQR)

(/sw/share/texmf-dist/tex/latex/graphics/keyval.sty
Package: keyval 1999/03/16 v1.13 key=value parser (DPC)
\KV@toks@=\toks14
)
(/sw/share/texmf-dist/tex/latex/graphics/graphics.sty
Package: graphics 2001/07/07 v1.0n Standard LaTeX Graphics (DPC,SPQR)

(/sw/share/texmf-dist/tex/latex/graphics/trig.sty
Package: trig 1999/03/16 v1.09 sin cos tan (DPC)
)
(/sw/share/texmf-dist/tex/latex/graphics/graphics.cfg
File: graphics.cfg 2005/02/03 v1.3 graphics configuration of teTeX/TeXLive
)
Package graphics Info: Driver file: pdftex.def on input line 80.

(/sw/share/texmf-dist/tex/latex/graphics/pdftex.def
File: pdftex.def 2002/06/19 v0.03k graphics/color for pdftex
\Gread@gobject=\count87
))
\Gin@req@height=\dimen103
\Gin@req@width=\dimen104
)
(/sw/share/texmf-dist/tex/latex/base/ifthen.sty
Package: ifthen 2001/05/26 v1.1c Standard LaTeX ifthen package (DPC)
)
\c@r@tfl@t=\count88
\rot@float@box=\box26
)
(/sw/share/texmf-dist/tex/latex/graphics/color.sty
Package: color 1999/02/16 v1.0i Standard LaTeX Color (DPC)

(/sw/share/texmf-dist/tex/latex/graphics/color.cfg
File: color.cfg 2005/02/03 v1.3 color configuration of teTeX/TeXLive
)
Package color Info: Driver file: pdftex.def on input line 125.
)
(/sw/share/texmf-dist/tex/latex/tools/xspace.sty
Package: xspace 1997/10/13 v1.06 Space after command names (DPC)
)
(/sw/share/texmf-dist/tex/latex/lineno/lineno.sty
Package: lineno 2005/01/10 line numbers on paragraphs v4.1c
\linenopenalty=\count89
\output=\toks15
\linenoprevgraf=\count90
\linenumbersep=\dimen105
\linenumberwidth=\dimen106
\c@linenumber=\count91
\c@pagewiselinenumber=\count92
\n@LN@truepage=\count93
\c@linenumbermodulo=\count94
\c@internallinenumber=\count95
\c@internallinenumbers=\count96
\quotelinenumbersep=\dimen107
\bframerule=\dimen108
\bframesep=\dimen109
\bframebox=\box27
LaTeX Info: Redefining \\ on input line 2405.
)
\COTlength=\skip43

No file AnomalousProductionOfPhotonJets_07232008.aux.
\openout1 = `AnomalousProductionOfPhotonJets_07232008.aux'.

LaTeX Font Info:    Checking defaults for OML/cmm/m/it on input line 29.
LaTeX Font Info:    ... okay on input line 29.
LaTeX Font Info:    Checking defaults for T1/cmr/m/n on input line 29.
LaTeX Font Info:    ... okay on input line 29.
LaTeX Font Info:    Checking defaults for OT1/cmr/m/n on input line 29.
LaTeX Font Info:    ... okay on input line 29.
LaTeX Font Info:    Checking defaults for OMS/cmsy/m/n on input line 29.
LaTeX Font Info:    ... okay on input line 29.
LaTeX Font Info:    Checking defaults for OMX/cmex/m/n on input line 29.
LaTeX Font Info:    ... okay on input line 29.
LaTeX Font Info:    Checking defaults for U/cmr/m/n on input line 29.
LaTeX Font Info:    ... okay on input line 29.
(/sw/share/texmf-dist/tex/context/base/supp-pdf.tex
(/sw/share/texmf-dist/tex/context/base/supp-mis.tex
loading : Context Support Macros / Miscellaneous (2004.10.26)
\protectiondepth=\count97
\scratchcounter=\count98
\scratchtoks=\toks16
\scratchdimen=\dimen110
\scratchskip=\skip44
\scratchmuskip=\muskip10
\scratchbox=\box28
\scratchread=\read1
\scratchwrite=\write3
\zeropoint=\dimen111
\onepoint=\dimen112
\onebasepoint=\dimen113
\minusone=\count99
\thousandpoint=\dimen114
\onerealpoint=\dimen115
\emptytoks=\toks17
\nextbox=\box29
\nextdepth=\dimen116
\everyline=\toks18
\!!counta=\count100
\!!countb=\count101
\recursecounter=\count102
)
loading : Context Support Macros / PDF (2004.03.26)
\nofMPsegments=\count103
\nofMParguments=\count104
\MPscratchCnt=\count105
\MPscratchDim=\dimen117
\MPnumerator=\count106
\everyMPtoPDFconversion=\toks19
)
LaTeX Font Info:    External font `cmex10' loaded for size
(Font)              <17.28> on input line 94.
LaTeX Font Info:    External font `cmex10' loaded for size
(Font)              <12> on input line 94.
LaTeX Font Info:    External font `cmex10' loaded for size
(Font)              <8> on input line 94.
LaTeX Font Info:    External font `cmex10' loaded for size
(Font)              <6> on input line 94.
LaTeX Font Info:    External font `cmex10' loaded for size
(Font)              <7> on input line 102.
LaTeX Font Info:    External font `cmex10' loaded for size
(Font)              <5> on input line 102.
LaTeX Font Info:    External font `cmex10' loaded for size
(Font)              <10.95> on input line 109.
 [1

{/sw/var/lib/texmf/fonts/map/pdftex/updmap/pdftex.map}]

LaTeX Warning: Citation `wwwJER' on page 2 undefined on input line 140.


LaTeX Warning: Reference `tab:tightphotoncuts' on page 2 undefined on input lin
e 147.

LaTeX Font Info:    External font `cmex10' loaded for size
(Font)              <9> on input line 149.
[2] <PMT_EM_Asym_twrE_gt_10.jpg, id=68, 759.83875pt x 508.90125pt>
File: PMT_EM_Asym_twrE_gt_10.jpg Graphic file (type jpg)

<use PMT_EM_Asym_twrE_gt_10.jpg> [3 <./PMT_EM_Asym_twrE_gt_10.jpg>]

LaTeX Warning: Reference `tab:halocuts' on page 4 undefined on input line 181.


Overfull \hbox (14.65794pt too wide) detected at line 185
[] \OT1/cmr/m/n/10.95 = [] = 94\OML/cmm/m/it/10.95 :\OT1/cmr/m/n/10.95 8%
 []


LaTeX Warning: Reference `tab:bgsummary' on page 4 undefined on input line 187.



LaTeX Warning: Reference `tab:tightphotoncuts' on page 4 undefined on input lin
e 192.


LaTeX Warning: Reference `tab:halocuts' on page 4 undefined on input line 195.


LaTeX Warning: Reference `tab:bgsummary' on page 4 undefined on input line 207.


[4]

LaTeX Warning: Reference `tab:tightphotoncuts' on page 5 undefined on input lin
e 214.


LaTeX Warning: Reference `tab:tightphotoncuts' on page 5 undefined on input lin
e 229.


LaTeX Warning: Reference `tab:loosephotoncuts' on page 5 undefined on input lin
e 242.


LaTeX Warning: Reference `tab:tightphotoncuts' on page 5 undefined on input lin
e 242.

[5]

LaTeX Warning: Citation `wwwCESCPR' on page 6 undefined on input line 249.


LaTeX Warning: Citation `wwwCESCPR' on page 6 undefined on input line 249.


LaTeX Warning: Citation `wwwCESCPR' on page 6 undefined on input line 271.

[6]

LaTeX Warning: Reference `tab:loosephotoncuts' on page 7 undefined on input lin
e 278.


LaTeX Warning: Reference `tab:tightphotoncuts' on page 7 undefined on input lin
e 278.

[7]

LaTeX Warning: File `plot1_pet.pdf' not found on input line 305.


Error: pdflatex (file plot1_pet.pdf): cannot find image file
 ==> Fatal error occurred, the output PDF file is not finished!
