This is pdfeTeX, Version 3.141592-1.21a-2.2 (Web2C 7.5.4) (format=pdflatex 2011.6.11)  11 JUN 2011 21:55
entering extended mode
**AnomalousProductionOfPhotonJets.tex
(./AnomalousProductionOfPhotonJets.tex
LaTeX2e <2008/12/01>
Babel <v3.8d> and hyphenation patterns for american, french, german, ngerman, b
ahasa, basque, bulgarian, catalan, croatian, czech, danish, dutch, esperanto, e
stonian, finnish, greek, icelandic, irish, italian, latin, magyar, norsk, polis
h, portuges, romanian, russian, serbian, slovak, slovene, spanish, swedish, tur
kish, ukrainian, nohyphenation, loaded.
(/sw/share/texmf-dist/tex/latex/base/article.cls
Document Class: article 2004/02/16 v1.4f Standard LaTeX document class
(/sw/share/texmf-dist/tex/latex/base/size11.clo
File: size11.clo 2004/02/16 v1.4f Standard LaTeX file (size option)
)
\c@part=\count79
\c@section=\count80
\c@subsection=\count81
\c@subsubsection=\count82
\c@paragraph=\count83
\c@subparagraph=\count84
\c@figure=\count85
\c@table=\count86
\abovecaptionskip=\skip41
\belowcaptionskip=\skip42
\bibindent=\dimen102
)
(/sw/share/texmf-dist/tex/latex/rotating/rotating.sty
Package: rotating 1997/09/26 v2.13 Rotation package

(/sw/share/texmf-dist/tex/latex/graphics/graphicx.sty
Package: graphicx 1999/02/16 v1.0f Enhanced LaTeX Graphics (DPC,SPQR)

(/sw/share/texmf-dist/tex/latex/graphics/keyval.sty
Package: keyval 1999/03/16 v1.13 key=value parser (DPC)
\KV@toks@=\toks14
)
(/sw/share/texmf-dist/tex/latex/graphics/graphics.sty
Package: graphics 2001/07/07 v1.0n Standard LaTeX Graphics (DPC,SPQR)

(/sw/share/texmf-dist/tex/latex/graphics/trig.sty
Package: trig 1999/03/16 v1.09 sin cos tan (DPC)
)
(/sw/share/texmf-dist/tex/latex/graphics/graphics.cfg
File: graphics.cfg 2005/02/03 v1.3 graphics configuration of teTeX/TeXLive
)
Package graphics Info: Driver file: pdftex.def on input line 80.

(/sw/share/texmf-dist/tex/latex/graphics/pdftex.def
File: pdftex.def 2002/06/19 v0.03k graphics/color for pdftex
\Gread@gobject=\count87
))
\Gin@req@height=\dimen103
\Gin@req@width=\dimen104
)
(/sw/share/texmf-dist/tex/latex/base/ifthen.sty
Package: ifthen 2001/05/26 v1.1c Standard LaTeX ifthen package (DPC)
)
\c@r@tfl@t=\count88
\rot@float@box=\box26
)
(/sw/share/texmf-dist/tex/latex/graphics/epsfig.sty
Package: epsfig 1999/02/16 v1.7a (e)psfig emulation (SPQR)
\epsfxsize=\dimen105
\epsfysize=\dimen106
)
(/sw/share/texmf-dist/tex/latex/graphics/color.sty
Package: color 1999/02/16 v1.0i Standard LaTeX Color (DPC)

(/sw/share/texmf-dist/tex/latex/graphics/color.cfg
File: color.cfg 2005/02/03 v1.3 color configuration of teTeX/TeXLive
)
Package color Info: Driver file: pdftex.def on input line 125.
)
(/sw/share/texmf-dist/tex/latex/tools/xspace.sty
Package: xspace 1997/10/13 v1.06 Space after command names (DPC)
)
(/sw/share/texmf-dist/tex/latex/lineno/lineno.sty
Package: lineno 2005/01/10 line numbers on paragraphs v4.1c
\linenopenalty=\count89
\output=\toks15
\linenoprevgraf=\count90
\linenumbersep=\dimen107
\linenumberwidth=\dimen108
\c@linenumber=\count91
\c@pagewiselinenumber=\count92
\n@LN@truepage=\count93
\c@linenumbermodulo=\count94
\c@internallinenumber=\count95
\c@internallinenumbers=\count96
\quotelinenumbersep=\dimen109
\bframerule=\dimen110
\bframesep=\dimen111
\bframebox=\box27
LaTeX Info: Redefining \\ on input line 2405.
)
(/sw/share/texmf-dist/tex/latex/subfigure/subfigure.sty
Package: subfigure 2002/07/30 v2.1.4 subfigure package
\subfigtopskip=\skip43
\subfigcapskip=\skip44
\subfigcaptopadj=\dimen112
\subfigbottomskip=\skip45
\subfigcapmargin=\dimen113
\subfiglabelskip=\skip46
\c@subfigure=\count97
\c@lofdepth=\count98
\c@subtable=\count99
\c@lotdepth=\count100

****************************************
* Local config file subfigure.cfg used *
****************************************
(/sw/share/texmf-dist/tex/latex/subfigure/subfigure.cfg)
\subfig@top=\skip47
\subfig@bottom=\skip48
)
(/sw/share/texmf-dist/tex/latex/multirow/multirow.sty
\bigstrutjot=\dimen114
)
(./AnomalousProductionOfPhotonJets.aux

LaTeX Warning: Label `tab:bgsummary' multiply defined.

)
\openout1 = `AnomalousProductionOfPhotonJets.aux'.

LaTeX Font Info:    Checking defaults for OML/cmm/m/it on input line 30.
LaTeX Font Info:    ... okay on input line 30.
LaTeX Font Info:    Checking defaults for T1/cmr/m/n on input line 30.
LaTeX Font Info:    ... okay on input line 30.
LaTeX Font Info:    Checking defaults for OT1/cmr/m/n on input line 30.
LaTeX Font Info:    ... okay on input line 30.
LaTeX Font Info:    Checking defaults for OMS/cmsy/m/n on input line 30.
LaTeX Font Info:    ... okay on input line 30.
LaTeX Font Info:    Checking defaults for OMX/cmex/m/n on input line 30.
LaTeX Font Info:    ... okay on input line 30.
LaTeX Font Info:    Checking defaults for U/cmr/m/n on input line 30.
LaTeX Font Info:    ... okay on input line 30.
 (/sw/share/texmf-dist/tex/context/base/supp-pdf.tex
(/sw/share/texmf-dist/tex/context/base/supp-mis.tex
loading : Context Support Macros / Miscellaneous (2004.10.26)
\protectiondepth=\count101
\scratchcounter=\count102
\scratchtoks=\toks16
\scratchdimen=\dimen115
\scratchskip=\skip49
\scratchmuskip=\muskip10
\scratchbox=\box28
\scratchread=\read1
\scratchwrite=\write3
\zeropoint=\dimen116
\onepoint=\dimen117
\onebasepoint=\dimen118
\minusone=\count103
\thousandpoint=\dimen119
\onerealpoint=\dimen120
\emptytoks=\toks17
\nextbox=\box29
\nextdepth=\dimen121
\everyline=\toks18
\!!counta=\count104
\!!countb=\count105
\recursecounter=\count106
)
loading : Context Support Macros / PDF (2004.03.26)
\nofMPsegments=\count107
\nofMParguments=\count108
\MPscratchCnt=\count109
\MPscratchDim=\dimen122
\MPnumerator=\count110
\everyMPtoPDFconversion=\toks19
)
LaTeX Font Info:    External font `cmex10' loaded for size
(Font)              <17.28> on input line 146.
LaTeX Font Info:    External font `cmex10' loaded for size
(Font)              <12> on input line 146.
LaTeX Font Info:    External font `cmex10' loaded for size
(Font)              <8> on input line 146.
LaTeX Font Info:    External font `cmex10' loaded for size
(Font)              <6> on input line 146.
LaTeX Font Info:    External font `cmex10' loaded for size
(Font)              <7> on input line 151.
LaTeX Font Info:    External font `cmex10' loaded for size
(Font)              <5> on input line 151.
LaTeX Font Info:    External font `cmex10' loaded for size
(Font)              <10.95> on input line 157.

Overfull \hbox (2.77345pt too wide) in paragraph at lines 163--164
\OT1/cmr/m/n/10.95 lected at CDF dur-ing run pe-ri-ods 1--25 (run range 190851 
to 277511) with trig-gers [],
 []

[1

{/sw/var/lib/texmf/fonts/map/pdftex/updmap/pdftex.map}]
Overfull \hbox (16.60777pt too wide) in paragraph at lines 169--202
 [] 
 []

LaTeX Font Info:    External font `cmex10' loaded for size
(Font)              <9> on input line 220.
[2] <PMT_EM_Asym_twrE_gt_10.jpg, id=62, 759.83875pt x 508.90125pt>
File: PMT_EM_Asym_twrE_gt_10.jpg Graphic file (type jpg)

<use PMT_EM_Asym_twrE_gt_10.jpg> [3]
<BeamHalo_Topology.pdf, id=75, 565.11125pt x 427.5975pt>
File: BeamHalo_Topology.pdf Graphic file (type pdf)

<use BeamHalo_Topology.pdf>

LaTeX Warning: `h' float specifier changed to `ht'.

<./CosmicBeamHalo_EMtiming.pdf, id=76, 551.05875pt x 408.52625pt>
File: ./CosmicBeamHalo_EMtiming.pdf Graphic file (type pdf)

<use ./CosmicBeamHalo_EMtiming.pdf> [4 <./PMT_EM_Asym_twrE_gt_10.jpg>] [5 <./Be
amHalo_Topology.pdf> <./CosmicBeamHalo_EMtiming.pdf>] [6] [7] [8] [9] [10]
[11] [12]

LaTeX Warning: Command \textendash invalid in math mode on input line 564.


LaTeX Warning: Command \textendash invalid in math mode on input line 566.


LaTeX Warning: Command \textendash invalid in math mode on input line 575.

[13] [14] [15] [16] [17] [18]
Underfull \hbox (badness 10000) in paragraph at lines 757--758
[]\OT1/cmr/m/n/10.95 CES/CPR method for Pho-ton back-ground from Pho-ton group,
 ``http://www-
 []

[19] <./g30jet_MtdA_plot1_Et_pho.pdf, id=145, 569.12625pt x 736.7525pt>
File: ./g30jet_MtdA_plot1_Et_pho.pdf Graphic file (type pdf)

<use ./g30jet_MtdA_plot1_Et_pho.pdf>
<./g30jet_MtdA_plot2_Et_pho.pdf, id=146, 569.12625pt x 736.7525pt>
File: ./g30jet_MtdA_plot2_Et_pho.pdf Graphic file (type pdf)

<use ./g30jet_MtdA_plot2_Et_pho.pdf>
<./g30jet_MtdA_plot1_Et_j1.pdf, id=147, 569.12625pt x 736.7525pt>
File: ./g30jet_MtdA_plot1_Et_j1.pdf Graphic file (type pdf)

<use ./g30jet_MtdA_plot1_Et_j1.pdf>
<./g30jet_MtdA_plot2_Et_j1.pdf, id=148, 569.12625pt x 736.7525pt>
File: ./g30jet_MtdA_plot2_Et_j1.pdf Graphic file (type pdf)

<use ./g30jet_MtdA_plot2_Et_j1.pdf>
<./g30jet_MtdA_plot1_Ht.pdf, id=149, 569.12625pt x 736.7525pt>
File: ./g30jet_MtdA_plot1_Ht.pdf Graphic file (type pdf)

<use ./g30jet_MtdA_plot1_Ht.pdf>
<./g30jet_MtdA_plot2_Ht.pdf, id=150, 569.12625pt x 736.7525pt>
File: ./g30jet_MtdA_plot2_Ht.pdf Graphic file (type pdf)

<use ./g30jet_MtdA_plot2_Ht.pdf>

LaTeX Warning: `!h' float specifier changed to `!ht'.

<./g30jet_MtdA_plot1_InvMass_pj1.pdf, id=151, 569.12625pt x 736.7525pt>
File: ./g30jet_MtdA_plot1_InvMass_pj1.pdf Graphic file (type pdf)

<use ./g30jet_MtdA_plot1_InvMass_pj1.pdf>
<./g30jet_MtdA_plot2_InvMass_pj1.pdf, id=152, 569.12625pt x 736.7525pt>
File: ./g30jet_MtdA_plot2_InvMass_pj1.pdf Graphic file (type pdf)

<use ./g30jet_MtdA_plot2_InvMass_pj1.pdf>

LaTeX Warning: `!h' float specifier changed to `!ht'.

<./g30jet_MtdA_plot1_Met.pdf, id=153, 569.12625pt x 736.7525pt>
File: ./g30jet_MtdA_plot1_Met.pdf Graphic file (type pdf)

<use ./g30jet_MtdA_plot1_Met.pdf>
<./g30jet_MtdA_plot2_Met.pdf, id=154, 569.12625pt x 736.7525pt>
File: ./g30jet_MtdA_plot2_Met.pdf Graphic file (type pdf)

<use ./g30jet_MtdA_plot2_Met.pdf>

LaTeX Warning: `!h' float specifier changed to `!ht'.

<./g30jet_MtdA_plot1_NJet.pdf, id=155, 569.12625pt x 736.7525pt>
File: ./g30jet_MtdA_plot1_NJet.pdf Graphic file (type pdf)

<use ./g30jet_MtdA_plot1_NJet.pdf>

LaTeX Warning: `!h' float specifier changed to `!ht'.

<./g30jet_MtdA_plot2_InvMass_pj1j2.pdf, id=156, 569.12625pt x 736.7525pt>
File: ./g30jet_MtdA_plot2_InvMass_pj1j2.pdf Graphic file (type pdf)

<use ./g30jet_MtdA_plot2_InvMass_pj1j2.pdf>
<./g30jet_MtdA_plot2_InvMass_j1j2.pdf, id=157, 569.12625pt x 736.7525pt>
File: ./g30jet_MtdA_plot2_InvMass_j1j2.pdf Graphic file (type pdf)

<use ./g30jet_MtdA_plot2_InvMass_j1j2.pdf>

LaTeX Warning: `!h' float specifier changed to `!ht'.

<./g30jet_MtdB_plot1_Et_pho.pdf, id=158, 569.12625pt x 736.7525pt>
File: ./g30jet_MtdB_plot1_Et_pho.pdf Graphic file (type pdf)

<use ./g30jet_MtdB_plot1_Et_pho.pdf>
<./g30jet_MtdB_plot2_Et_pho.pdf, id=159, 569.12625pt x 736.7525pt>
File: ./g30jet_MtdB_plot2_Et_pho.pdf Graphic file (type pdf)

<use ./g30jet_MtdB_plot2_Et_pho.pdf>

LaTeX Warning: `!h' float specifier changed to `!ht'.

<./g30jet_MtdB_plot1_Et_j1.pdf, id=160, 569.12625pt x 736.7525pt>
File: ./g30jet_MtdB_plot1_Et_j1.pdf Graphic file (type pdf)

<use ./g30jet_MtdB_plot1_Et_j1.pdf>
<./g30jet_MtdB_plot2_Et_j1.pdf, id=161, 569.12625pt x 736.7525pt>
File: ./g30jet_MtdB_plot2_Et_j1.pdf Graphic file (type pdf)

<use ./g30jet_MtdB_plot2_Et_j1.pdf>

LaTeX Warning: `!h' float specifier changed to `!ht'.

<./g30jet_MtdB_plot1_Ht.pdf, id=162, 569.12625pt x 736.7525pt>
File: ./g30jet_MtdB_plot1_Ht.pdf Graphic file (type pdf)

<use ./g30jet_MtdB_plot1_Ht.pdf>
<./g30jet_MtdB_plot2_Ht.pdf, id=163, 569.12625pt x 736.7525pt>
File: ./g30jet_MtdB_plot2_Ht.pdf Graphic file (type pdf)

<use ./g30jet_MtdB_plot2_Ht.pdf>

LaTeX Warning: `!h' float specifier changed to `!ht'.

<./g30jet_MtdB_plot1_InvMass_pj1.pdf, id=164, 569.12625pt x 736.7525pt>
File: ./g30jet_MtdB_plot1_InvMass_pj1.pdf Graphic file (type pdf)

<use ./g30jet_MtdB_plot1_InvMass_pj1.pdf>
<./g30jet_MtdB_plot2_InvMass_pj1.pdf, id=165, 569.12625pt x 736.7525pt>
File: ./g30jet_MtdB_plot2_InvMass_pj1.pdf Graphic file (type pdf)

<use ./g30jet_MtdB_plot2_InvMass_pj1.pdf>

LaTeX Warning: `!h' float specifier changed to `!ht'.

<./g30jet_MtdB_plot1_Met.pdf, id=166, 569.12625pt x 736.7525pt>
File: ./g30jet_MtdB_plot1_Met.pdf Graphic file (type pdf)

<use ./g30jet_MtdB_plot1_Met.pdf>
<./g30jet_MtdB_plot2_Met.pdf, id=167, 569.12625pt x 736.7525pt>
File: ./g30jet_MtdB_plot2_Met.pdf Graphic file (type pdf)

<use ./g30jet_MtdB_plot2_Met.pdf>

LaTeX Warning: `!h' float specifier changed to `!ht'.

<./g30jet_MtdB_plot1_NJet.pdf, id=168, 569.12625pt x 736.7525pt>
File: ./g30jet_MtdB_plot1_NJet.pdf Graphic file (type pdf)

<use ./g30jet_MtdB_plot1_NJet.pdf>

LaTeX Warning: `!h' float specifier changed to `!ht'.

<./g30jet_MtdB_plot2_InvMass_pj1j2.pdf, id=169, 569.12625pt x 736.7525pt>
File: ./g30jet_MtdB_plot2_InvMass_pj1j2.pdf Graphic file (type pdf)

<use ./g30jet_MtdB_plot2_InvMass_pj1j2.pdf>
<./g30jet_MtdB_plot2_InvMass_j1j2.pdf, id=170, 569.12625pt x 736.7525pt>
File: ./g30jet_MtdB_plot2_InvMass_j1j2.pdf Graphic file (type pdf)

<use ./g30jet_MtdB_plot2_InvMass_j1j2.pdf>

LaTeX Warning: `!h' float specifier changed to `!ht'.

[20

 <./g30jet_MtdA_plot1_Et_pho.pdf> <./g30jet_MtdA_plot2_Et_pho.pdf> <./g30jet_Mt
dA_plot1_Et_j1.pdf> <./g30jet_MtdA_plot2_Et_j1.pdf>] [21 <./g30jet_MtdA_plot1_H
t.pdf> <./g30jet_MtdA_plot2_Ht.pdf> <./g30jet_MtdA_plot1_InvMass_pj1.pdf> <./g3
0jet_MtdA_plot2_InvMass_pj1.pdf>] [22 <./g30jet_MtdA_plot1_Met.pdf> <./g30jet_M
tdA_plot2_Met.pdf> <./g30jet_MtdA_plot1_NJet.pdf>] [23 <./g30jet_MtdA_plot2_Inv
Mass_pj1j2.pdf> <./g30jet_MtdA_plot2_InvMass_j1j2.pdf> <./g30jet_MtdB_plot1_Et_
pho.pdf> <./g30jet_MtdB_plot2_Et_pho.pdf>] [24 <./g30jet_MtdB_plot1_Et_j1.pdf> 
<./g30jet_MtdB_plot2_Et_j1.pdf> <./g30jet_MtdB_plot1_Ht.pdf> <./g30jet_MtdB_plo
t2_Ht.pdf>] [25 <./g30jet_MtdB_plot1_InvMass_pj1.pdf> <./g30jet_MtdB_plot2_InvM
ass_pj1.pdf> <./g30jet_MtdB_plot1_Met.pdf> <./g30jet_MtdB_plot2_Met.pdf>]
[26 <./g30jet_MtdB_plot1_NJet.pdf> <./g30jet_MtdB_plot2_InvMass_pj1j2.pdf> <./g
30jet_MtdB_plot2_InvMass_j1j2.pdf>]
<./g30jetmet20_MtdA_plot1_Et_pho.pdf, id=661, 569.12625pt x 736.7525pt>
File: ./g30jetmet20_MtdA_plot1_Et_pho.pdf Graphic file (type pdf)

<use ./g30jetmet20_MtdA_plot1_Et_pho.pdf>
<./g30jetmet20_MtdA_plot2_Et_pho.pdf, id=662, 569.12625pt x 736.7525pt>
File: ./g30jetmet20_MtdA_plot2_Et_pho.pdf Graphic file (type pdf)

<use ./g30jetmet20_MtdA_plot2_Et_pho.pdf>
<./g30jetmet20_MtdA_plot1_Et_j1.pdf, id=663, 569.12625pt x 736.7525pt>
File: ./g30jetmet20_MtdA_plot1_Et_j1.pdf Graphic file (type pdf)

<use ./g30jetmet20_MtdA_plot1_Et_j1.pdf>
<./g30jetmet20_MtdA_plot2_Et_j1.pdf, id=664, 569.12625pt x 736.7525pt>
File: ./g30jetmet20_MtdA_plot2_Et_j1.pdf Graphic file (type pdf)

<use ./g30jetmet20_MtdA_plot2_Et_j1.pdf>
<./g30jetmet20_MtdA_plot1_Ht.pdf, id=665, 569.12625pt x 736.7525pt>
File: ./g30jetmet20_MtdA_plot1_Ht.pdf Graphic file (type pdf)

<use ./g30jetmet20_MtdA_plot1_Ht.pdf>
<./g30jetmet20_MtdA_plot2_Ht.pdf, id=666, 569.12625pt x 736.7525pt>
File: ./g30jetmet20_MtdA_plot2_Ht.pdf Graphic file (type pdf)

<use ./g30jetmet20_MtdA_plot2_Ht.pdf>

LaTeX Warning: `!h' float specifier changed to `!ht'.

<./g30jetmet20_MtdA_plot1_InvMass_pj1.pdf, id=667, 569.12625pt x 736.7525pt>
File: ./g30jetmet20_MtdA_plot1_InvMass_pj1.pdf Graphic file (type pdf)

<use ./g30jetmet20_MtdA_plot1_InvMass_pj1.pdf>
<./g30jetmet20_MtdA_plot2_InvMass_pj1.pdf, id=668, 569.12625pt x 736.7525pt>
File: ./g30jetmet20_MtdA_plot2_InvMass_pj1.pdf Graphic file (type pdf)

<use ./g30jetmet20_MtdA_plot2_InvMass_pj1.pdf>

LaTeX Warning: `!h' float specifier changed to `!ht'.

<./g30jetmet20_MtdA_plot1_Met.pdf, id=669, 569.12625pt x 736.7525pt>
File: ./g30jetmet20_MtdA_plot1_Met.pdf Graphic file (type pdf)

<use ./g30jetmet20_MtdA_plot1_Met.pdf>
<./g30jetmet20_MtdA_plot2_Met.pdf, id=670, 569.12625pt x 736.7525pt>
File: ./g30jetmet20_MtdA_plot2_Met.pdf Graphic file (type pdf)

<use ./g30jetmet20_MtdA_plot2_Met.pdf>

LaTeX Warning: `!h' float specifier changed to `!ht'.

<./g30jetmet20_MtdA_plot1_NJet.pdf, id=671, 569.12625pt x 736.7525pt>
File: ./g30jetmet20_MtdA_plot1_NJet.pdf Graphic file (type pdf)

<use ./g30jetmet20_MtdA_plot1_NJet.pdf>
Underfull \hbox (badness 10000) in paragraph at lines 1053--1053
[]\OT1/cmr/m/n/10.95 Figure 23: \OT1/cmr/m/sl/10.95 Method A\OT1/cmr/m/n/10.95 
: Jet Mul-ti-plic-ity dis-tri-bu-tion of the lead-ing jet in
 []


LaTeX Warning: `!h' float specifier changed to `!ht'.


<./g30jetmet20_MtdA_plot2_InvMass_pj1j2.pdf, id=672, 569.12625pt x 736.7525pt>
File: ./g30jetmet20_MtdA_plot2_InvMass_pj1j2.pdf Graphic file (type pdf)

<use ./g30jetmet20_MtdA_plot2_InvMass_pj1j2.pdf>
<./g30jetmet20_MtdA_plot2_InvMass_j1j2.pdf, id=673, 569.12625pt x 736.7525pt>
File: ./g30jetmet20_MtdA_plot2_InvMass_j1j2.pdf Graphic file (type pdf)

<use ./g30jetmet20_MtdA_plot2_InvMass_j1j2.pdf>

LaTeX Warning: `!h' float specifier changed to `!ht'.

<./g30jetmet20_MtdB_plot1_Et_pho.pdf, id=674, 569.12625pt x 736.7525pt>
File: ./g30jetmet20_MtdB_plot1_Et_pho.pdf Graphic file (type pdf)

<use ./g30jetmet20_MtdB_plot1_Et_pho.pdf>
<./g30jetmet20_MtdB_plot2_Et_pho.pdf, id=675, 569.12625pt x 736.7525pt>
File: ./g30jetmet20_MtdB_plot2_Et_pho.pdf Graphic file (type pdf)

<use ./g30jetmet20_MtdB_plot2_Et_pho.pdf>

LaTeX Warning: `!h' float specifier changed to `!ht'.

<./g30jetmet20_MtdB_plot1_Et_j1.pdf, id=676, 569.12625pt x 736.7525pt>
File: ./g30jetmet20_MtdB_plot1_Et_j1.pdf Graphic file (type pdf)

<use ./g30jetmet20_MtdB_plot1_Et_j1.pdf>
<./g30jetmet20_MtdB_plot2_Et_j1.pdf, id=677, 569.12625pt x 736.7525pt>
File: ./g30jetmet20_MtdB_plot2_Et_j1.pdf Graphic file (type pdf)

<use ./g30jetmet20_MtdB_plot2_Et_j1.pdf>

LaTeX Warning: `!h' float specifier changed to `!ht'.

<./g30jetmet20_MtdB_plot1_Ht.pdf, id=678, 569.12625pt x 736.7525pt>
File: ./g30jetmet20_MtdB_plot1_Ht.pdf Graphic file (type pdf)

<use ./g30jetmet20_MtdB_plot1_Ht.pdf>
<./g30jetmet20_MtdB_plot2_Ht.pdf, id=679, 569.12625pt x 736.7525pt>
File: ./g30jetmet20_MtdB_plot2_Ht.pdf Graphic file (type pdf)

<use ./g30jetmet20_MtdB_plot2_Ht.pdf>

LaTeX Warning: `!h' float specifier changed to `!ht'.

<./g30jetmet20_MtdB_plot1_InvMass_pj1.pdf, id=680, 569.12625pt x 736.7525pt>
File: ./g30jetmet20_MtdB_plot1_InvMass_pj1.pdf Graphic file (type pdf)

<use ./g30jetmet20_MtdB_plot1_InvMass_pj1.pdf>
<./g30jetmet20_MtdB_plot2_InvMass_pj1.pdf, id=681, 569.12625pt x 736.7525pt>
File: ./g30jetmet20_MtdB_plot2_InvMass_pj1.pdf Graphic file (type pdf)

<use ./g30jetmet20_MtdB_plot2_InvMass_pj1.pdf>

LaTeX Warning: `!h' float specifier changed to `!ht'.

<./g30jetmet20_MtdB_plot1_Met.pdf, id=682, 569.12625pt x 736.7525pt>
File: ./g30jetmet20_MtdB_plot1_Met.pdf Graphic file (type pdf)

<use ./g30jetmet20_MtdB_plot1_Met.pdf>
<./g30jetmet20_MtdB_plot2_Met.pdf, id=683, 569.12625pt x 736.7525pt>
File: ./g30jetmet20_MtdB_plot2_Met.pdf Graphic file (type pdf)

<use ./g30jetmet20_MtdB_plot2_Met.pdf>

LaTeX Warning: `!h' float specifier changed to `!ht'.

<./g30jetmet20_MtdB_plot1_NJet.pdf, id=684, 569.12625pt x 736.7525pt>
File: ./g30jetmet20_MtdB_plot1_NJet.pdf Graphic file (type pdf)

<use ./g30jetmet20_MtdB_plot1_NJet.pdf>
Underfull \hbox (badness 10000) in paragraph at lines 1153--1153
[]\OT1/cmr/m/n/10.95 Figure 30: \OT1/cmr/m/sl/10.95 Method B\OT1/cmr/m/n/10.95 
: Jet Mul-ti-plic-ity dis-tri-bu-tion of the lead-ing jet in
 []


LaTeX Warning: `!h' float specifier changed to `!ht'.


<./g30jetmet20_MtdB_plot2_InvMass_pj1j2.pdf, id=685, 569.12625pt x 736.7525pt>
File: ./g30jetmet20_MtdB_plot2_InvMass_pj1j2.pdf Graphic file (type pdf)

<use ./g30jetmet20_MtdB_plot2_InvMass_pj1j2.pdf>
<./g30jetmet20_MtdB_plot2_InvMass_j1j2.pdf, id=686, 569.12625pt x 736.7525pt>
File: ./g30jetmet20_MtdB_plot2_InvMass_j1j2.pdf Graphic file (type pdf)

<use ./g30jetmet20_MtdB_plot2_InvMass_j1j2.pdf>

LaTeX Warning: `!h' float specifier changed to `!ht'.

[27

 <./g30jetmet20_MtdA_plot1_Et_pho.pdf> <./g30jetmet20_MtdA_plot2_Et_pho.pdf> <.
/g30jetmet20_MtdA_plot1_Et_j1.pdf> <./g30jetmet20_MtdA_plot2_Et_j1.pdf>]
[28 <./g30jetmet20_MtdA_plot1_Ht.pdf> <./g30jetmet20_MtdA_plot2_Ht.pdf> <./g30j
etmet20_MtdA_plot1_InvMass_pj1.pdf> <./g30jetmet20_MtdA_plot2_InvMass_pj1.pdf>]
[29 <./g30jetmet20_MtdA_plot1_Met.pdf> <./g30jetmet20_MtdA_plot2_Met.pdf> <./g3
0jetmet20_MtdA_plot1_NJet.pdf>] [30 <./g30jetmet20_MtdA_plot2_InvMass_pj1j2.pdf
> <./g30jetmet20_MtdA_plot2_InvMass_j1j2.pdf> <./g30jetmet20_MtdB_plot1_Et_pho.
pdf> <./g30jetmet20_MtdB_plot2_Et_pho.pdf>] [31 <./g30jetmet20_MtdB_plot1_Et_j1
.pdf> <./g30jetmet20_MtdB_plot2_Et_j1.pdf> <./g30jetmet20_MtdB_plot1_Ht.pdf> <.
/g30jetmet20_MtdB_plot2_Ht.pdf>] [32 <./g30jetmet20_MtdB_plot1_InvMass_pj1.pdf>
 <./g30jetmet20_MtdB_plot2_InvMass_pj1.pdf> <./g30jetmet20_MtdB_plot1_Met.pdf> 
<./g30jetmet20_MtdB_plot2_Met.pdf>] [33 <./g30jetmet20_MtdB_plot1_NJet.pdf> <./
g30jetmet20_MtdB_plot2_InvMass_pj1j2.pdf> <./g30jetmet20_MtdB_plot2_InvMass_j1j
2.pdf>]

LaTeX Warning: `!h' float specifier changed to `!ht'.


LaTeX Warning: `!h' float specifier changed to `!ht'.

[34


] [35] (./AnomalousProductionOfPhotonJets.aux)

LaTeX Warning: There were multiply-defined labels.

 ) 
Here is how much of TeX's memory you used:
 1893 strings out of 94500
 31125 string characters out of 1176114
 75978 words of memory out of 1500000
 5013 multiletter control sequences out of 10000+50000
 12461 words of font info for 43 fonts, out of 1200000 for 2000
 580 hyphenation exceptions out of 8191
 32i,12n,24p,1079b,272s stack positions out of 5000i,500n,6000p,200000b,5000s
PDF statistics:
 1182 PDF objects out of 65536
 0 named destinations out of 20000
 276 words of extra memory for PDF output out of 65536
</sw/share/texmf-dist/fonts/type1/bluesky/cm/cmti10.pfb></sw/share/texmf-dist
/fonts/type1/bluesky/cm/cmmi6.pfb></sw/share/texmf-dist/fonts/type1/bluesky/cm/
cmex10.pfb></sw/share/texmf-dist/fonts/type1/bluesky/cm/cmr9.pfb></sw/share/tex
mf-dist/fonts/type1/bluesky/cm/cmr6.pfb></sw/share/texmf-dist/fonts/type1/blues
ky/cm/cmsl10.pfb></sw/share/texmf-dist/fonts/type1/bluesky/cm/cmcsc10.pfb></sw/
share/texmf-dist/fonts/type1/bluesky/cm/cmr8.pfb></sw/share/texmf-dist/fonts/ty
pe1/bluesky/cm/cmsy8.pfb></sw/share/texmf-dist/fonts/type1/bluesky/cm/cmtt10.pf
b></sw/share/texmf-dist/fonts/type1/bluesky/cm/cmmi8.pfb></sw/share/texmf-dist/
fonts/type1/bluesky/cm/cmbx12.pfb></sw/share/texmf-dist/fonts/type1/bluesky/cm/
cmsy10.pfb></sw/share/texmf-dist/fonts/type1/bluesky/cm/cmr7.pfb></sw/share/tex
mf-dist/fonts/type1/bluesky/cm/cmsy7.pfb></sw/share/texmf-dist/fonts/type1/blue
sky/cm/cmmi7.pfb></sw/share/texmf-dist/fonts/type1/bluesky/cm/cmmi10.pfb></sw/s
hare/texmf-dist/fonts/type1/bluesky/cm/cmbx10.pfb></sw/share/texmf-dist/fonts/t
ype1/bluesky/cm/cmti12.pfb></sw/share/texmf-dist/fonts/type1/bluesky/cm/cmr12.p
fb></sw/share/texmf-dist/fonts/type1/bluesky/cm/cmmi12.pfb></sw/share/texmf-dis
t/fonts/type1/bluesky/cm/cmr17.pfb></sw/share/texmf-dist/fonts/type1/bluesky/cm
/cmss8.pfb></sw/share/texmf-dist/fonts/type1/bluesky/cm/cmr10.pfb>
Output written on AnomalousProductionOfPhotonJets.pdf (35 pages, 1340429 bytes)
.
